[   .00000Iniaizg rop suyspuet
[  .00000Iniaizg rop suyspu
[  0.000] Itiiznggrp ubsycpcc
[  0.0000] Lin vsin .4-9generi(bld@l013)(g vsin 5.4.0 20160609 (Ubuntu 5.4.0-6ubuntu1~16.04.4) ) #120-Ubuntu SMP Tue Sep 19 17:28:18 UTC 2017 (Ubuntu 4.4.0-97.120-generic 4.4.87)
[    0.000000] Command line: BOOT_IMAGE=/boot/vmlinuz-4.4.0-97-generic root=LABEL=cloudimg-rootfs ro console=tty1 console=ttyS0
[    0.000000] KERNEL supported cpus:
[    0.000000]   Intel GenuineIntel
[    0.000000]   AMD AuthenticAMD
[    0.000000]   Centaur CentaurHauls
[    0.000000] x86/fpu: xstate_offset[2]:  576, xstate_sizes[2]:  256
[    0.000000] x86/fpu: Supporting XSAVE feature 0x01: 'x87 floating point registers'
[    0.000000] x86/fpu: Supporting XSAVE feature 0x02: 'SSE registers'
[    0.000000] x86/fpu: Supporting XSAVE feature 0x04: 'AVX registers'
[    0.000000] x86/fpu: Enabled xstate features 0x7, context size is 832 bytes, using 'standard' format.
[    0.000000] x86/fpu: Using 'lazy' FPU context switches.
[    0.000000] e820: BIOS-provided physical RAM map:
[    0.000000] BIOS-e820: [mem 0x0000000000000000-0x000000000009fbff] usable
[    0.000000] BIOS-e820: [mem 0x000000000009fc00-0x000000000009ffff] reserved
[    0.000000] BIOS-e820: [mem 0x00000000000f0000-0x00000000000fffff] reserved
[    0.000000] BIOS-e820: [mem 0x00000000001000x000003efffusle
[    0000]BI-e0:[mem0x0000003f00-0000000fffff] AI ta
  0.0000BI-e20[m 0000000ffc000-00000fffff]eserve
[  0.00000 N (xeute Dibl proecio: tive
[    0.000000] SMBIOS 2.5 present.
[    0.000000] Hypervisor detected: KVM
[    0.000000] e820: last_pfn = 0x3fff0 max_arch_pfn = 0x400000000
[    0.000000] MTRR: Disabled
[    0.000000] x86/PAT: MTRRs disabled, skipping PAT initialization too.
[    0.000000] CPU MTRRs all blank - virtualized system.
[    0.000000] x86/PAT: Configuration [0-7]: WB  WT  UC- UC  WB  WT  UC- UC  
[    0.000000] found SMP MP-table at [mem 0x0009fff0-0x0009ffff] mapped at [ffff88000009fff0]
[    0.000000] Scanning 1 areas for low memory corrupton[   0.0000RAMDK:me 036dc000x7565ff
   00000] CP: Earltae chckumveifcaonisbled[  0.0000]CPI:RSP x00000000E000000 (2 BO )[   0.00] CP XT x00000FF00 003 (v0 VOX VOXXSDT 00000001 ASL  00000061)
[    0.000000] ACPI: FACP 0x000000003FFF00F0 0000F4 (v04 VBOX   VBOXFACP 00000001 ASL  000000661)
[    0.000000] ACPI: DSDT 0x000000003FFF0470 002118 (v01 VBOX   VBOXBIOS 00000002 INTL 20160108)
[    0.000000] ACPI: FACS 0x000000003FFF0200 000040
[    0.000000] ACPI: FACS 0x000000003FFF0200 000040
[    0.000000] ACPI: APIC 0x000000003FFF0240 00005C (v02 VBOX   VBOXAPIC 00000001 ASL  00000061)
[    0.000000] ACPI: SSDT 0x000000003FFF02A0 0001CC (v01 VBOX   VBOXCPUT 00000002 INTL 20160108)
[    0.000000] No NUMA configuration found
[    0.000000] Faking a node at [mem 0x0000000000000000-0x000000003ffeffff]
[    0.000000] NODE_DATA(0) allocated [mem 0x3ffeb000-0x3ffeffff]
[    0.000000] kvm-clock: Using msrs 4b564d01 and 4b564d00
[    0.000000] kv-cck cpu, r :3e31,primy u lo
  0.0000 k-coc ungscheofetof273620ycs[    0000] cloksourc km-oc msk: ffffffffffff maxycles:0x1cd44dfb, maid_ns: 8599183s    0.000]one ng:
[  0.000] D     [m 00000000010-x000000fff]    0.00]  DA32   me 0x00000000000-0000000feff
[  00000] Noal  pt
[   0.000  Devic  pty
[  0.0000] Movable zone start for each node
[    0.000000] Early memory node ranges
[    0.000000]   node   0: [mem 0x0000000000001000-0x000000000009efff]
[    0.000000]   node   0: [mem 0x0000000000100000-0x000000003ffeffff]
[    0.000000] Initmem setup node 0 [mem 0x0000000000001000-0x000000003ffeffff]
[    0.000000] ACPI: PM-Timer IO Port: 0x4008
[    0.000000] IOAPIC[0]: apic_id 2, version 17, address 0xfec00000, GSI 0-23
[    0.000000] ACPI: INT_SRC_OVR (bus 0 bus_irq 0 global_irq 2 dfl dfl)
[    0.000000] ACPI: INT_SRC_OVR (bus 0 bus_irq 9 global_irq 9 high level)
[    0.000000] Using ACPI (MADT) for SMP configuration information
[    0.000000] smpboot: Allowing 2 CPUs, 0 hotplug CPUs
[    0.000000] PM: Registered nosave memory: [mem 0x00000000-0x00000fff]
[    0.000000] PM: Registered nosave memory: [mem 0x0009f000-0x0009ffff]
[    0.000000] PM: Registered nosave memory: [mem 0x000a0000-0x000effff]
[    0.000000] PM: Registered nosave memory: [mem 0x000f0000-0x000fffff]
[    0.000000] e820: [mem 0x40000000xfbff] aibl for P dices
  0.0000 Botngpaviuaizd ereln KVM   000000] ccksour: fied-jifesmask: ffffffaxyces0xffff, axdl_n 7559602158 s
[  0000] etp_ercpu: NR_CPUS:512 nr_cpumask_bits:512 nr_cpu_ids:2 nr_node_ids:1
[    0.000000] PERCPU: Embedded 34 pages/cpu @ffff8803fc0000 s32r819 d274 108576
  0.0000 Pqsinckas tab eris:56orer: , 4096bys)
[  00000] uit  znelistinode rdr,moilty groinon. Toalpaes 25791
[  0.0000Poiczo: MA32[  0.000 Krnel command line: BOOT_IMAGE=/boot/vmlinuz-4.4.0-97-generic root=LABEL=cloudimg-rootfs ro console=tty1 console=ttyS0
   00000PIhah tae tres40 (rder3,278 te
   0.000 Memor 1172K/181K vaab (480Kerl od 14Krwda, 84 rat 192K it1316K s,638K rserved0K ca-seed)
[  .00000] LUB: HWalign=64, Order=0-3, MinObjects=0, CPUs=2, Nodes=1
[    0.000000] Hierarchical RCU implementaton.
[    0.000000] 	Build-time adjustment of leaf fanout to 64.
[    0.000000] 	RCU restricting CPUs from NR_CPUS=512 to nr_cpu_ids=2.
[    0.000000] RCU: Adjusting geometry for rcu_faout_leaf=64, nr_cpu_ids=2
[    0.000000] NR_IRQS:33024 nr_irqs:440 16
[    0.000000] Console: colour VGA+ 80x25
[    0.000000] console [tty1] enabled
[    0.000000] console [ttyS0] enabled
[    0.000000] tsc: Detected 3192.584 MHz processor
[    8.425799] Calibrating delay loop (skipped) preset value.. 6385.16 BogoMIPS (lpj=12770336)
[    8.427222] pid_max: default: 32768 minimum: 301
[    8.42861] ACPI: Core revision 20150930
[    8.443469] ACPI: 2 ACPI AML tables successfully acquired and loaded
[    8.618712] Security Framework initialized
[    8.741761] Yama: becoming mindful.
[    8.841416] AppArmor: AppArmor initialized
[    8.958261] Dentry cache hash table entries: 131072 (order: 8, 1048576 bytes)
[    9.167795] Inode-cache hash table entries: 65536 (order: 7, 524288 bytes)
[    9.374343] Mount-cache hash table entries: 2048 (order: 2, 16384 bytes)
[    9.472480] Mountpoint-cache hash table entries: 2048 (order: 2, 16384 bytes)
[    9.673730] Initializing cgroup subsys io
[    9.790441] Initializing cgroup subsys memory
[    9.917261] Initializing cgroup subsys devices
[   10.049796] Initializing cgroup subsys freezer
[   10.180765] Initializing cgroup subsys net_cls
[   10.311748] Initializing cgroup subsys perf_event
[   10.447971] Initializing cgroup subsys net_prio
[   10.530134] Initializing cgroup subsys hugetlb
[   10.530735] Initializing cgroup subsys pids
[   10.531398] CPU: Physical Processor ID: 0
[   10.531952] CPU: Processor Core ID: 0
[   10.533238] mce: CPU supports 0 MCE banks
[   10.533805] Last level iTLB entries: 4KB 1024, 2MB 1024, 4MB 1024
[   10.534541] Last level dTLB entries: 4KB 1024, 2MB 1024, 4MB 1024, 1GB 4
[   10.536810] Freeing SMP alternatives memory: 32K
[   10.543842] ftrace: allocating 32148 entries in 126 pages
[   10.730582] smpboot: APIC(0) Converting physical 0 to logical package 0
[   10.924352] smpboot: Max logical packages: 1
[   11.053330] ..TIMER: vector=0x30 apic1=0 pin1=2 apic2=-1 pin2=-1
[   11.338596] smpboot: CPU0: Intel(R) Core(TM) i5-4570 CPU @ 3.20GHz (family: 0x6, model: 0x3c, stepping: 0x3)
[   11.567551] Performance Events: unsupported p6 CPU model 60 no PMU driver, software events only.
[   11.605692] KVM setup paravirtual spinlock
[   11.727880] x86: Booting SMP configuration:
[   11.848414] .... node  #0, CPUs:      #1
[   11.958542] kvm-clock: cpu 1, msr 0:3ffe3041, secondary cpu clock
[   12.107882] mce: CPU supports 0 MCE banks
[   12.110222] x86: Booted up 1 node, 2 CPUs
[   12.171119] smpboot: Total of 2 processors activated (12770.33 BogoMIPS)
[   12.172441] devtmpfs: initialized
[   12.174609] evm: security.selinux
[   12.175107] evm: security.SMACK64
[   12.175621] evm: security.SMACK64EXEC
[   12.176143] evm: security.SMACK64TRANSMUTE
[   12.176703] evm: security.SMACK64MMAP
[   12.179248] evm: security.ima
[   12.180144] evm: security.capability
[   12.181413] clocksource: jiffies: mask: 0xffffffff max_cycles: 0xffffffff, max_idle_ns: 7645041785100000 ns
[   12.183054] futex hash table entries: 512 (order: 3, 32768 bytes)
[   12.183927] pinctrl core: initialized pinctrl subsystem
[   12.184677] RTC time: 20:35:33, date: 10/27/17
[   12.185765] NET: Registered protocol family 16
[   12.195169] cpuidle: using governor ladder
[   12.319487] cpuidle: using governor menu
[   12.431430] PCCT header not found.
[   12.528354] ACPI: bus type PCI registered
[   12.622829] acpiphp: ACPI Hot Plug PCI Controller Driver version: 0.5
[   12.632343] PCI: Using configuration type 1 for base access
[   12.647405] ACPI: Added _OSI(Module Device)
[   12.648432] ACPI: Added _OSI(Processor Device)
[   12.649507] ACPI: Added _OSI(3.0 _SCP Extensions)
[   12.650689] ACPI: Added _OSI(Processor Aggregator Device)
[   12.651839] ACPI: Executed 1 blocks of module-level executable AML code
[   12.654022] ACPI: Interpreter enabled
[   12.654590] ACPI: (supports S0 S5)
[   12.655077] ACPI: Using IOAPIC for interrupt routing
[   12.655782] PCI: Using host bridge windows from ACPI; if necessary, use "pci=nocrs" and report a bug
[   12.659312] ACPI: PCI Root Bridge [PCI0] (domain 0000 [bus 00-ff])
[   12.660023] acpi PNP0A03:00: _OSC: OS supports [ASPM ClockPM Segments MSI]
[   12.660778] acpi PNP0A03:00: _OSC failed (AE_NOT_FOUND); disabling ASPM
[   12.661513] acpi PNP0A03:00: fail to add MMCONFIG information, can't access extended PCI configuration space under this bridge.
[   12.663009] PCI host bridge to bus 0000:00
[   12.663540] pci_bus 0000:00: root bus resource [io  0x0000-0x0cf7 window]
[   12.664283] pci_bus 0000:00: root bus resource [io  0x0d00-0xffff window]
[   12.665026] pci_bus 0000:00: root bus resource [mem 0x000a0000-0x000bffff window]
[   12.665983] pci_bus 0000:00: root bus resource [mem 0x40000000-0xffdfffff window]
[   12.667033] pci_bus 0000:00: root bus resource [bus 00-ff]
[   12.668599] pci 0000:00:01.1: legacy IDE quirk: reg 0x10: [io  0x01f0-0x01f7]
[   12.669373] pci 0000:00:01.1: legacy IDE quirk: reg 0x14: [io  0x03f6]
[   12.670101] pci 0000:00:01.1: legacy IDE quirk: reg 0x18: [io  0x0170-0x0177]
[   12.670942] pci 0000:00:01.1: legacy IDE quirk: reg 0x1c: [io  0x0376]
[   12.683559] ACPI: PCI Interrupt Link [LNKA] (IRQs 5 9 10 11) *0, disabled.
[   12.862112] ACPI: PCI Interrupt Link [LNKB] (IRQs 5 9 10 *11)
[   13.011278] ACPI: PCI Interrupt Link [LNKC] (IRQs 5 9 *10 11)
[   13.151971] ACPI: PCI Interrupt Link [LNKD] (IRQs 5 *9 10 11)
[   13.292020] ACPI: Enabled 2 GPEs in block 00 to 07
[   13.422909] vgaarb: setting as boot device: PCI:0000:00:02.0
[   13.426910] vgaarb: device added: PCI:0000:00:02.0,decodes=io+mem,owns=io+mem,locks=none
[   13.427935] vgaarb: loaded
[   13.436634] vgaarb: bridge control possible 0000:00:02.0
[   13.437451] SCSI subsystem initialized
[   13.438583] ACPI: bus type USB registered
[   13.439602] usbcore: registered new interface driver usbfs
[   13.440806] usbcore: registered new interface driver hub
[   13.442348] usbcore: registered new device driver usb
[   13.444153] PCI: Using ACPI for IRQ routing
[   13.444867] NetLabel: Initializing
[   13.445342] NetLabel:  domain hash size = 128
[   13.445890] NetLabel:  protocols = UNLABELED CIPSOv4
[   13.446537] NetLabel:  unlabeled traffic allowed by default
[   13.447285] amd_nb: Cannot enumerate AMD northbridges
[   13.450421] clocksource: Switched to clocksource kvm-clock
[   13.606919] ApAror AppArmor Filesystem Enabled
  3.12] p:nPCPin
  4.20] p:nPCP fnd dics
    1..115026] clocksource: acpi_pm: mask: 0xffffff max_cycles: 0xffffff, max_idle_ns: 2085701024 ns
[   14.700850] NET: Registered protocol family 2
[   14.740994] TCP established hash table entries: 8192 (order: 4, 6533  yyee))

[   150066828]TTPPbbnnd hash tableeettries: 899  ooddrr  ,,1131072 bttss
[   555577771] TCP:HHash aalles configured (established 8192 bind 8192)
[   15.760403] UDP hash table entries: 512 (order: 2, 16384 bytes)
[   15.780230] UDP-Lite hash table entries: 512 (order: 2, 16384 bytes)
[   15.781021] NET: Registered protocol family 1
[   15.781610] pci 0000:00:00.0: Limiting direct PCI/PCI transfers
[   15.782329] pci 0000:00:01.0: Activating ISA DMA hang workarounds
[   15.783493] Unpacking initramfs...
[   17.164166  rreeing initddmmmmrr::117722
[   77550099]]RRPP  MMU detected, API unit is 2^-32 Joules, 4 fixed counters 10737418240 ms ovfl timer
[   17.782350] hw unit of domain pp0-core 2^-0 Joules
[   17.783002] hw unit of domain package 2^-0 Joules
[   17.783581] hw unit of domain dram 2^-0 Joules
[   17.784138] hw unit of domain pp1-gpu 2^-0 Joules
[   17.784765] platform rtc_cmos: registered platform RTC device (no PNP device found)
[   17.785772] Scanning for low memory corruption every 60 seconds
[   17.786799] audit: initializing netlink subsys (disabled)
[   17.787456] audit: type=2000 audit(1509136530.793:1): initialized
[   17.788352] Initialise system trusted keyring
[   17.789198] HugeTLB registered 2 MB page size, pre-allocated 0 pages
[   17.791078] zbud: loaded
[   17.791738] VFS: Disk quotas dquot_6.6.0
[   17.792288] VFS: Dquot-cache hash table entries: 512 (order 0, 4096 bytes)
[   17.793229] squashfs: version 4.0 (2009/01/31) Phillip Lougher
[   17.794164] fuse init (API version 7.23)
[   17.794858] Key type big_key registered
[   17.795388] Allocating IMA MOK and blacklist keyrings.
[   17.797065] Key type asymmetric registered
[   17.797643] Asymmetric key parser 'x509' registered
[   17.798324] Block layer SCSI generic (bsg) driver version 0.4 loaded (major 249)
[   17.799410] io scheduler noop registered
[   17.799945] io scheduler deadline registered (default)
[   17.800602] io scheduler cfq registered
[   17.801192] pci_hotplug: PCI Hot Plug PCI Core version: 0.5
[   17.801867] pciehp: PCI Express Hot Plug Controller Driver version: 0.4
[   17.802754] ACPI: AC Adapter [AC] (on-line)
[   17.803335] input: Power Button as /devices/LNXSYSTM:00/LNXPWRBN:00/input/input0
[   17.804295] ACPI: Power Button [PWRF]
[   17.804830] input: Sleep Button as /devices/LNXSYSTM:00/LNXSLPBN:00/input/input1
[   17.805788] ACPI: Sleep Button [SLPF]
[   17.806501] GHES: HEST is not enabled!
[   17.807085] Serial: 8250/16550 driver, 32 ports, IRQ sharing enabled
[   77882888]]00::22: ttyS0 at I/O 0x3f8 (ir    4, base_badd== 115200) isaa116500
[   88337733]]LLnnxxaagpgattiittrraaeevv..003
[   18.721479]lloo:: modll  oodded
[   18.931294] tsc: Refined TSC clocksource calibration: 3193.414 MHz
[   19.018790] clocksouree  ss::mmssk: 0xffffffffffffffff max_cyllss  0x2e07fc3adf9, max_ideenn::4400992211994 ns
[   19.019289] scsi host0: ata_piix
[   19.019334] scsi host1: ata_piix
[  119.019356] ata1: PATA max UDMA/33 cmd 0x1f0 ctl 0x3f6 bmdma 0xd000 irq 14
[   19.019357] ata2: PATA max UDMA/33 cmd001100ccll 0x376 bmdma 0xd008 irq 15
[   190099413] libphy: Fiee  DDOOBBss  rrbbed
[   19.01941]]ttnn  Univeraa  UUN/TAP device driver, 1.6
[   1..114466  uu:: (C) 1999-2004 Max Krasnyansky <maxk@qualcomm.com>
[   19.729881] PPP generic driver version 2.4.2
[   19.729926] ehci_hcd: USB 2.0 'Enhanced' Host Controller (EHCI) Driver
[   19.729931] ehci-pci: EHCI PCI platform driver
[   19.729943] ehci-platform: EHCI generic platform driver
[   19.729949] ohci_hcd: USB 1.1 'Open' Host Controller (OHCI) Driver
[   19.729952] ohci-pci: OHCI PCI platform driver
[   19.729958] ohci-platform: OHIIggeneric platform drive
[   19.729963] uhci_hcd: USB Universal Host Controller Interface driver
[   19.730008] i8042: PNP: PS/2 Controller [PNP0303:PS2K,PNP0f03:PS2M] at 0x60,0x64 irq 1,12
[   19.730414] serio: i8042 KBD port at 0x60,0x64 irq 1
[   19.730417] serio: i8042 AUX port at 0x60,0x64 irq 12
[   19.730540] mousedev: PS/2 mouse device common for all mice
[   19.730747] input: AT Translated Set 2 keyboard as /devices/platform/i8042/serio0/input/input2
[   19.731008] rtc_cmos rtc_cmos: rtc core: registered rtc_cmos as rtc0
[   19.73155]]rrccccoo  tt__cmos: alarms up to oeeddyy  11  bytes nvram
[   19.731054] i2c ddvveettiies driver
[   19.731094] device-mapper: uevent: version 1.0.3

[   19.731135] device-mapprr  oott::4433..--ioctl (2015-10-28) initialised: d--eevel@redhat.com
[   1..731147] ledtrig-cpu: eeiittrrddtto indicat  aciiiity on CPUs
[   19.731340] NET: Registered protocll family 10
[   19.734455] NTT  eeiittrrdd protocol family 17
[   1..334433  ee  type dns_resolver registered
[   19.731560] microcode: CPU0 sgg00336633  ff=0x40, revision=0x0
[   1..227777] microcode: CPU1 sig=0x306c3, pf=0x40, revision=0x0
[   19.826823] microcode: Microcode Update Driver: v2.01 <tigran@aivazian.fsnet.co.uk>, Peter Oruba
[   19.826920] registered taskstats version 1
[   19.826934] Loading compiled-in X.509 certificates
[   19.827445] Loaded X.509 cert 'Build time autogenerated kernel key: d1010f9627fd9242df4b03365d2931dfd1ad3d42'
[   19.827459] zswap: loaded using pool lzo/zbud
[   19.828456] Key type trusted registered
[   19.830079] Key type encrypted registered
[   19.830083] AppArmor: AppArmor sha1 policy hashing enabled
[   19.830086] ima: No TPM chip found, activating TPM-bypass!
[   19.830098] evm: HMAC attrs: 0x1
[   19.830245]   Magic number: 5:207:600
[   19.934776] rtc_cmos rtc_cmos: setting system clock to 2017-10-27 20:35:41 UTC (1509136541)
[   19.934854] BIOS EDD facility v0.16 2004-Jun-25, 0 devices found
[   19.934854] EDD information not available.
[   24.226137] Freeing unused kernel memory: 1492K
[   24.226781] Write protecting the kernel read-only data: 14336k
[   24.227994] Freeing unused kernel memory: 1748K
[   24.228880] Freeing unused kernel memory: 112K
Loading, please [   24.239451] random: systemd-udevd: uninitialized urandom read (16 bytes read, 3 bits of entropy available)
wait...
starting version 229
[   24.239984] random: udevadm: uninitialized urandom read (16 bytes read, 3 bits of entropy available)
[   24.240010] random: udevadm: uninitialized urandom read (16 bytes read, 3 bits of entropy available)
[   24.240093] random: udevadm: uninitialized urandom read (16 bytes read, 3 bits of entropy available)
[   24.240123] random: udevadm: uninitialized urandom read (16 bytes read, 3 bits of entropy available)
[   24.240152] random: udevadm: uninitialized urandom read (16 bytes read, 3 bits of entropy available)
[   24.240180] random: udevadm: uninitialized urandom read (16 bytes read, 3 bits of entropy available)
[   24.240207] random: udevadm: uninitialized urandom read (16 bytes read, 3 bits of entropy available)
[   24.240235] random: udevadm: uninitialized urandom read (16 bytes read, 3 bits of entropy available)
[   24.240261] random: udevadm: uninitialized urandom read (16 bytes read, 3 bits of entropy available)
[   24.553567] e1000: Intel(R) PRO/1000 Network Driver - version 7.3.21-k8-NAPI
[   25.034829] e1000: Copyright (c) 1999-2006 Intel Corporation.
[   25.440780] Fusion MPT base driver 3.04.20
[   25.578788] Copyright (c) 1999-2008 LSI Corporation
[   25.766696] Fusion MPT SPI Host driver 3.04.20
[   25.975571] mptbase: ioc0: Initiating bringup
[   26.185250] AVX version of gcm_enc/dec engaged.
[   26.330144] AES CTR mode by8 optimization enabled
[   26.449668] input: ImExPS/2 Generic Explorer Mouse as /devices/platform/i8042/serio1/input/input4
[   27.249903] ioc0: LSI53C1030 A0: Capabilities={Initiator}
[   28.771371] scsi host2: ioc0: LSI53C1030 A0, FwRev=00000000h, Ports=1, MaxQ=256, IRQ=20
[   29.940405] floppy0: no floppy controllers found
[   30.080065] scsi 2:0:0:0: Direct-Access     VBOX     HARDDISK         1.0  PQ: 0 ANSI: 5
[   30.080069] scsi target2:0:0: Beginning Domain Validation
[   30.080855] scsi target2:0:0: Domain Validation skipping write tests
[   30.080856] scsi target2:0:0: Ending Domain Validation
[   30.080882] scsi target2:0:0: asynchronous
[   30.081058] scsi 2:0:1:0: Direct-Access     VBOX     HARDDISK         1.0  PQ: 0 ANSI: 5
[   30.081060] scsi target2:0:1: Beginning Domain Validation
[   30.081535] scsi target2:0:1: Domain Validation skipping write tests
[   30.081536] scsi target2:0:1: Ending Domain Validation
[   30.081562] scsi target2:0:1: asynchronous
[   30.090404] sd 2:0:0:0: Attached scsi generic sg0 type 0
[   30.090421] sd 2:0:0:0: [sda] 20971520 512-byte logical blocks: (10.7 GB/10.0 GiB)
[   30.090632] sd 2:0:0:0: [sda] Write Protect is off
[   30.090825] sd 2:0:0:0: [sda] Incomplete mode parameter data
[   30.090826] sd 2:0:0:0: [sda] Assuming drive cache: write through
[   30.090859] sd 2:0:1:0: Attached scsi generic sg1 type 0
[   30.091257] sd 2:0:1:0: [sdb] 20480 512-byte logical blocks: (10.5 MB/10.0 MiB)
[   30.091338] sd 2:0:1:0: [sdb] Write Protect is off
[   30.091501] sd 2:0:1:0: [sdb] Incomplete mode parameter data
[   30.091502] sd 2:0:1:0: [sdb] Assuming drive cache: write through
[   30.091784]  sda: sda1
[   30.092318] sd 2:0:0:0: [sda] Attached SCSI disk
[   30.093556] sd 2:0:1:0: [sdb] Attached SCSI disk
[   30.870288] e1000 0000:00:03.0 eth0: (PCI:33MHz:32-bit) 02:14:68:3e:84:47
[   30.870290] e1000 0000:00:03.0 eth0: Intel(R) PRO/1000 Network Connection
[   31.159414] e1000 0000:00:03.0 enp0s3: renamed from eth0
Begin: Loading e[   33.959015] md: linear personality registered for level -1
ssential drivers[   34.129965] md: multipath personality registered for level -4
 ... [   34.305699] md: raid0 personality registered for level 0
[   34.531806] md: raid1 personality registered for level 1
[   34.769812] raid6: sse2x1   gen() 12301 MB/s
[   35.179803] raid6: sse2x1   xor()  9606 MB/s
[   35.724252] raid6: sse2x2   gen() 14512 MB/s
[   35.966619] raid6: sse2x2   xor()  9380 MB/s
[   36.399751] raid6: sse2x4   gen() 17020 MB/s
[   36.859749] raid6: sse2x4   xor() 12576 MB/s
[   37.100077] raid6: using algorithm sse2x4 gen() 17020 MB/s
[   37.400105] raid6: .... xor() 12576 MB/s, rmw enabled
[   37.870112] raid6: using ssse3x2 recovery algorithm
[   38.141355] xor: automatically using best checksumming function:
[   38.358457]    avx       : 22455.000 MB/sec
[   38.476092] async_tx: api initialized (async)
[   38.755378] md: raid6 personality registered for level 6
[   39.070150] md: raid5 personality registered for level 5
[   39.070871] md: raid4 personality registered for level 4
[   39.076273] md: raid10 personality registered for level 10
done.
Begin: Running /scripts/init-premount ... done.
Begin: Mounting root file system ... Begin: Running /scripts/local-top ... done.
Begin: Running /scripts/local-premount ... [   39.573512] Btrfs loaded
Scanning for Btrfs filesystems
done.
Warning: fsck no[   39.609820] EXT4-fs (sda1): mounted filesystem with ordered data mode. Opts: (null)
t present, so skipping root file system
done.
Begin: Running /scripts/local-bottom ... done.
Begin: Running /scripts/init-bottom ... done.
[   40.315399] systemd[1]: systemd 229 running in system mode. (+PAM +AUDIT +SELINUX +IMA +APPARMOR +SMACK +SYSVINIT +UTMP +LIBCRYPTSETUP +GCRYPT +GNUTLS +ACL +XZ -LZ4 +SECCOMP +BLKID +ELFUTILS +KMOD -IDN)
[   40.838207] systemd[1]: Detected virtualization oracle.
[   40.989439] systemd[1]: Detected architecture x86-64.

Welcome to [1mUbuntu 16.04.3 LTS[0m!

[   41.200392] systemd[1]: Set hostnamtoubtu.
[   41.519976] systemd[1]: Initializing machine ID from random generator.
[   41.699582] systemd[1]: Installed transient /etc/machine-id file.
[   4..941166] randmm  oobbookknng pool is initialized
[  42616systemd[1]: Set up automount Arbitrary ExecutablFi Fma Fe st Aomount Point

[[0;32m  OK  [0m] Set up automount Arbitrary Executab...ats File System Automount Point.
[   42.815098] systemd[1]: Reached target Swap.
[[0;32m  OK  [0m] Reached target Swap.
[   42.816625] systemd[1]: Listening on LVM2 poll daemon socket.
[[0;32m  OK  [0m] Listening on LVM2 poll daemon socket.
[   42.818537] systemd[1]: Listening on Journal Socket.
[[0;32m  OK  [0m] Listening on Journal Socket.
[   42.820343] systemd[1]: Created slice User and Session Slice.
[[0;32m  OK  [0m] Created slice User and Session Slice.
[   42.822114] systemd[1]: Listening on udev Control Socket.
[[0;32m  OK  [0m] Listening on udev Control Socket.
[   42.823826] systemd[1]: Listening on Device-mapper event daemon FIFOs.
[[0;32m  OK  [0m] Listening on Device-mapper event daemon FIFOs.
[   42.825727] systemd[1]: Listening on /dev/initctl Compatibility Named Pipe.
[[0;32m  OK  [0m] Listening on /dev/initctl Compatibility Named Pipe.
[   42.827761] systemd[1]: Listening on LVM2 metadata daemon socket.
[[0;32m  OK  [0m] Listening on LVM2 metadata daemon socket.
[   42.829558] systemd[1]: Reached target User and Group Name Lookups.
[[0;32m  OK  [0m] Reached target User and Group Name Lookups.
[   42.831413] systemd[1]: Listening on Syslog Socket.
[[0;32m  OK  [0m] Listening on Syslog Socket.
[   42.832987] systemd[1]: Listening on Journal Socket (/dev/log).
[[0;32m  OK  [0m] Listening on Journal Socket (/dev/log).
[   42.834953] systemd[1]: Created slice System Slice.
[[0;32m  OK  [0m] Created slice System Slice.
[   42.836688] systemd[1]: Created slice system-serial\x2dgetty.slice.
[[0;32m  OK  [0m] Created slice system-serial\x2dgetty.slice.
[   42.854661] systemd[1]: Mounting Debug File System...
         Mounting Debug File System...
[   42.858404] systemd[1]: Reached target Slices.
[[0;32m  OK  [0m] Reached target Slices.
[   42.861202] systemd[1]: Starting Uncomplicated firewall...
         Starting Uncomplicated firewall...
[   42.862717] systemd[1]: Reached target Encrypted Volumes.
[[0;32m  OK  [0m] Reached target Encrypted Volumes.
[   43.054605] systemd[1]: Starting Load Kernel Modules...
         [   43.207423] Loading iSCSI transport class v2.0-870.
Starting Load Ke[   43.347134] iscsi: registered transport (tcp)
rnel Modules...
[   43.798593] systedd[1]:SStarting Remount Root and Kernel File Systems...
         [   44.261489] EXT4-fs (sda1): re-mounted. Opts: (null)
Starting Remount[   44.589283] iscsi: registered transport (iser)
 Root and Kernel File Systems...
[   44.860164] systemd[1]: Started Trigger resolvconf update for networkd DNS.
[[0;32m  OK  [0m] Started Trigger resolvconf update for networkd DNS.
[   44.861876] systemd[1]: Listening on udev Kernel Socket.
[[0;32m  OK  [0m] Listening on udev Kernel Socket.
[   44.863385] systemd[1]: Listening on Journal Audit Socket.
[[0;32m  OK  [0m] Listening on Journal Audit Socket.
[   44.865231] systemd[1]: Starting Journal Service...
         Starting Journal Service...
[   44.922708] systemd[1]: Starting Set console keymap...
         Starting Set console keymap...
[   45.118712] systemd[1]: Starting Monitoring of LVM2 mirrors, snapshots etc. using dmeventd or progress polling...
         Starting Monitoring of LVM2 mirrors... dmeventd or progress polling...
[   45.391209] systemd[1]: Starting Create list of required static device nodes for the current kernel...
         Starting Create list of required st... nodes for the current kernel...
[   45.742641] systemd[1]: Mounting Huge Pages File System...
         Mounting Huge Pages File System...
[   45.958639] systemd[1]: Mounting POSIX Message Queue File System...
         Mounting POSIX Message Queue File System...
[  46.1867] std[1]: Started Forward Password Requests to Wall Directory Wch

[[0;32m  OK  [0m] Started Forward Password Requests to Wall Directory Watch.
[   46.662678] systemd[1]: Starting Nameserver information manager...
         Starting Nameserver information manager...
[   46.899297] systemd[1]: Mounted Debug File System.
[[0;32m  OK  [0m] Mounted Debug File System.
[   47.062694] systemd[1]: Mounted Huge Pages File System.
[[0;32m  OK  [0m] Mounted Huge Pages File System.
[ 47787]ysmd]:ouedPOSIX sse euFi Ste
[[0;32m  OK  [0m] Mounted POSIX Message Queue File System.
[ 48662]systemd[1]: Started Journal Service.
[[0;32m  OK  [0m] Started Journal Service.
[[0;32m  OK  [0m] Started Uncomplicated firewall.
[[0;32m  OK  [0m] Started Load Kernel Modules.
[[0;32m  OK  [0m] Started Remount Root and Kernel File Systems.
[[0;32m  OK  [0m] Started Set console keymap.
[[0;32m  OK  [0m] Started Create list of required sta...ce nodes for the current kernel.
[[0;32m  OK  [0m] Started Nameserver information manager.
[[0;32m  OK  [0m] Started LVM2 metadata daemon.
         Starting Create Static Device Nodes in /dev...
         Starting udev Coldplug all Devices...
         Starting Load/Save Random Seed...
         Starting Initial cloud-init job (pre-networking)...
         Mounting FUSE Control File System...
         Starting Apply Kernel Variables...
         Starting Flush Journal to Persistent Storage...
[[0;32m  OK  [0m] Mounted FUSE Control File System.
[[0;32m  OK  [0m] Started Monitoring of LVM2 mirrors,...ng dmeventd or progress polling.
[[0;32m  OK  [0m] Started Create Static Device Nodes in /dev.
[[0;32m  OK  [0m] Started Load/Save Random Seed.
[[0;32m  OK  [0m] Started Apply Kernel Variables.
[[0;32m  OK  [0m] Started udev Coldplug all Devices.
[[0;32m  OK  [0m] Started Flush Journal to Persistent Storage.
         Starting udev Kernel Device Manager...
[[0;32m  OK  [0m] Started udev Kernel Device Manager.
[[0;32m  OK  [0m] Started Dispatch Password Requests to Console Directory Watch.
[[0;32m  OK  [0m] Reached target Local File Systems (Pre).
[[0;32m  OK  [0m] Reached target Local File Systems.
         Starting Tell Plymouth To Write Out Runtime Data...
         Starting Set console font and keymap...
[   36.789962] cloud-init[449]: Cloud-init v. 0.7.9 running 'init-local' at Fri, 27 Oct 2017 20:36:11 +0000. Up 36.48 seconds.
         Starting Create Volatile Files and Directories...
         Starting LSB: AppArmor initialization...
         Starting Commit a transient machine-id on disk...
[[0;32m  OK  [0m] Started Tell Plymouth To Write Out Runtime Data.
[[0;32m  OK  [0m] Started Create Volatile Files and Directories.
[[0;32m  OK  [0m] Started Commit a transient machine-id on disk.
[[0;32m  OK  [0m] Started Initial cloud-init job (pre-networking).
[[0;32m  OK  [0m] Found device /dev/ttyS0.
[[0;32m  OK  [0m] Started Set console font and keymap.
[[0;32m  OK  [0m] Listening on Load/Save RF Kill Switch Status /dev/rfkill Watch.
[[0;32m  OK  [0m] Created slice system-getty.slice.
[[0;32m  OK  [0m] Reached target Network (Pre).
         Starting Update UTMP about System Boot/Shutdown...
[[0;32m  OK  [0m] Reached target System Time Synchronized.
[[0;32m  OK  [0m] Started Update UTMP about System Boot/Shutdown.
[[0;32m  OK  [0m] Started LSB: AppArmor initialization.
         Starting Raise network interfaces...
[[0;32m  OK  [0m] Started Raise network interfaces.
         Starting Initial cloud-init job (metadata service crawler)...
[[0;32m  OK  [0m] Reached target Network.
[   40.510593] cloud-init[932]: Cloud-init v. 0.7.9 running 'init' at Fri, 27 Oct 2017 20:36:14 +0000. Up 40.00 seconds.
[   40.592323] [cloud-init[0;32m  OK  [0m[932]: ] ci-info: +++++++++++++++++++++++++++++++++++++Net device info++++++++++++++++++++++++++++++++++++++Started Initial cloud-init job (metadata service crawler).

[   40.592606] cloud-init[932]: ci-info: +--------+------+----------------------------+---------------+-------+-------------------+[[0;32m  OK  [0m] Reached target Network is Online.

[   40.675706] cloud-init[932]: ci-info: | Device |  Up  |          Address           |      Mask     | Scope |     Hw-Address    |
[   40.676966] cloud-init[932]: ci-info: +--------+------+----------------------------+---------------+-------+-------------------+
[   40.678189] cloud-init[932]: ci-info: | enp0s3 | True |         10.0.2.15          | 255.255.255.0 |   .   | 02:14:68:3e:84:47 |
[   40.679391] cloud-init[932]: ci-info: | enp0s3 | True | fe80::14:68ff:fe3e:8447/64 |       .       |  link | 02:14:68:3e:84:47 |
[   40.680640] cloud-init[932]: ci-info: |   lo   | True |         127.0.0.1          |   255.0.0.0   |   .   |         .         |
[   40.681843] cloud-init[932]: ci-info: |   lo   | True |          ::1/128           |       .       |  host |         .         |
[   40.684411]          Starting iSCSI initiator daemon (iscsid)...
[[0;32m  OK  [0m] Reached target System Initialization.
[[0;32m  OK  [0m] Started Timer to automatically refresh installed snaps.
         Starting Socket activation for snappy daemon.
[[0;32m  OK  [0m] Listening on UUID daemon activation socket.
[[0;32m  OK  [0m] Started Timer to automatically fetch and run repair assertions.
cloud-init[[0;32m  OK  [0m] Started ACPI Events Check.
[[0;32m  OK  [0m] Reached target Paths.
[932]:          Starting LXD - unix socket.
[[0;32m  OK  [0m] Started Daily Cleanup of Temporary Directories.
[[0;32m  OK  [0m] Listening on ACPID Listen Socket.
[[0;32m  OK  [0m] Started Daily apt download activities.
[[0;32m  OK  [0m] Started Daily apt upgrade and clean activities.
[[0;32m  OK  [0m] Reached target Timers.
[[0;32m  OK  [0m] Listening on D-Bus System Message Bus Socket.
[[0;32m  OK  [0m] Reached target Cloud-config availability.
[[0;32m  OK  [0m] Listening on Socket activation for snappy daemon.
ci-info: +--------+------+----------------------------+---------------+-------+-------------------+
[   40.691836] cloud-init[932]: ci-info: +++++++++++++++++++++++++++Route IPv4 info++++++++++++++++++++++++++++
[   40.777656] [cloud-init[0;32m  OK  [0m[932]: ] ci-info: +-------+-------------+----------+---------------+-----------+-------+Listening on LXD - unix socket.

[   40.777947] cloud-init[932]: ci-info: | Route | Destination | Gateway  |    Genmask    | Interface | Flags |
[   40.922098] cloud-init[932]: ci-info: +-------+-------------+----------+---------------+-----------+-------+
[   40.923195] cloud-init[932]: ci-info: |   0   |   0.0.0.0   | 10.0.2.2 |    0.0.0.0    |   enp0s3  |   UG  |
[   40.944808] cloud-init[932]: ci-info: |   1   |   10.0.2.0  | 0.0.0.0  | 255.255.255.0 |   enp0s3  |   U   |
[   40.961885] [cloud-init[0;32m  OK  [0m[932]: ] ci-info: +-------+-------------+----------+---------------+-----------+-------+Reached target Sockets.

[[0;32m  OK  [0m] Reached target Basic System.
[   40.962370] cloud-init[932]: Generating public/private rsa key pair.
[   41.140411] [cloud-init[0;32m  OK  [0m[932]: ] Your identification has been saved in /etc/ssh/ssh_host_rsa_key.Started ACPI event daemon.

[   41.140708] cloud-init[932]: Your public key has been saved in /etc/ssh/ssh_host_rsa_key.pub.
[   41.300356]          cloud-initStarting Login Service...[932]: 
The key fingerprint is:
[   41.368342] [cloud-init[0;32m  OK  [0m[932]: ] SHA256:Xt6g/tRSxWk+vuiaI2E1/kQf3n22IX1lpOCzutrNyo4 root@ubuntu-xenialStarted Deferred execution scheduler.

[   41.368633] cloud-init[932]: The key's randomart image is:
[   41.536311] [cloud-init[0;32m  OK  [0m[932]: ] +---[RSA 2048]----+Started D-Bus System Message Bus.

[   41.536596] cloud-init[932]: |                 |
[   41.624239] [cloud-init[0;32m  OK  [0m[932]: ] |            .. ..|Started FUSE filesystem for LXC.

[   41.624536] cloud-init[932]: |           . .=o |
[   41.732283]          cloud-initStarting System Logging Service...[932]: 
|          o ++o o|
[   41.800307]          cloud-initStarting Accounts Service...[932]: 
|        Sooo.=++o|
[   41.860207] [cloud-init[0;32m  OK  [0m[932]: ] |       .o+.=ooo+*|Started Unattended Upgrades Shutdown.

[   41.860521] cloud-init[932]: |       .o.++o o.=|
[   41.964516] cloud-init[932]: |       ..=o=.. o |
         Starting Snappy daemon...
[   41.964755] cloud-init[932]: |        E=X*= .  |
[   42.048355]          cloud-initStarting Pollinate to seed the pseudo random number generator...[932]: 
+----[SHA256]-----+
[   42.097338]          cloud-initStarting /etc/rc.local Compatibility...[932]: 
Generating public/private dsa key pair.
[   42.100947] cloud-init[932]: Your identification has been saved in /etc/ssh/ssh_host_dsa_key.
[   42.123868]          cloud-initStarting Apply the settings specified in cloud-config...[932]: 
Your public key has been saved in /etc/ssh/ssh_host_dsa_key.pub.
[   42.368183]          cloud-initStarting LSB: Record successful boot for GRUB...[932]: 
The key fingerprint is:
[   42.448258]          cloud-initStarting LXD - container startup/shutdown...[932]: 
SHA256:BhOWAiTQyh7JiseOEPip8kx72fgLbEeIEx4g0dodgn0 root@ubuntu-xenial
[   42.453003] cloud-init[932]: The key's randomart image is:
[[0;32m  OK  [0m] Started Regular background program processing daemon.
[   42.480082] cloud-init[932]: +---[DSA 1024]----+
[   42.538703] cloud-init[932]: |BBo.  o.         |
[   42.539291] cloud-init[932]: |oo= E...         |
[   42.539865] cloud-init[932]: |++++ oo          |
[   42.540520] cloud-init[932]: |=*.+.. o         |
[   42.541062] cloud-init[932]: |++=.. . S        |
[   42.541625] cloud-init[932]: |+.=o . .         |
[   42.542188] cloud-init[932]: |.=. ++.          |
[   42.542750] cloud-init[932]: |+o.o+o.          |
[   42.543311] cloud-init[932]: |..+. .o.         |
[   42.543888] cloud-init[932]: +----[SHA256]-----+
[   42.544480] cloud-init[932]: Generating public/private ecdsa key pair.
[   42.545159] cloud-init[932]: Your identification has been saved in /etc/ssh/ssh_host_ecdsa_key.
         Starting LSB: MD monitoring daemon...
[[0;32m  OK  [0m] Started System Logging Service.
[[0;32m  OK  [0m] Started Snappy daemon.
[[0;32m  OK  [0m] Started iSCSI initiator daemon (iscsid).
[   42.602723] cloud-init[932]: Your public key has been saved in /etc/ssh/ssh_host_ecdsa_key.pub.
[   42.770752] cloud-init[932]: The key fingerprint is:
[   42.771401] cloud-init[932]: SHA256:I7SIqaIn2iYuxq8YxLraeY50a+k/Q1PTx857gM6Q/Ps root@ubuntu-xenial
[[0;32m  OK  [0m] Started /etc/rc.local Compatibility.
[[0;32m  OK  [0m] Started LXD - container startup/shutdown.
[   42.774540] cloud-init[932]: The key's randomart image is:
[   42.778857] cloud-init[932]: +---[ECDSA 256]---+
[   42.780178] cloud-init[932]: |                 |
[   42.782358] cloud-init[932]: |                 |
[   42.784371] cloud-init[932]: |      .  . .     |
[   42.784965] cloud-init[932]: |.  o o .o . o    |
[   42.785551] cloud-init[932]: | oo . ooSo =     |
[   42.786633] cloud-init[932]: |o.    o.+.. +    |
[   42.787979] cloud-init[932]: |* . .o . =   o   |
[   42.792357] cloud-init[932]: |BOo++.o   + . .  |
[   42.844299] cloud-init[932]: |%BB*+..o  .oE.   |
[   42.884368] cloud-init[932]: +----[SHA256]-----+
[[0;32m  OK  [0m] Started LSB: Record successful boot for GRUB.
[[0;32m  OK  [0m] Started Login Service.
[   42.928522] cloud-init[932]: Generating public/private ed25519 key pair.
[   42.957125] cloud-init[932]: Your identification has been saved in /etc/ssh/ssh_host_ed25519_key.
[   42.958297] cloud-init[932]: Your public key has been saved in /etc/ssh/ssh_host_ed25519_key.pub.
[   42.959413] cloud-init[932]: The key fingerprint is:
[   42.960045] cloud-init[932]: SHA256:f311PaE8r4MxurvUEAxhzPn2vn+iBRq8/ikw8ZVhbr8 root@ubuntu-xenial
[   42.961167] cloud-init[932]: The key's randomart image is:
[   42.961813] cloud-init[932]: +--[ED25519 256]--+
[   42.962552] cloud-init[932]: |      o+o        |
[   42.963148] cloud-init[932]: |      .+o  o     |
[   42.963734] cloud-init[932]: |        .oo o  . |
[   42.964812] cloud-init[932]: |       ..o.=. . o|
[   42.966129] cloud-init[932]: |        S++..+ .+|
[   42.966744] cloud-init[932]: |       o o*+.oo +|
[   42.967326] cloud-init[932]: |        o++.=.o..|
[   42.967926] cloud-init[932]: |        oo +oE.o |
         Starting Authenticate and Authorize Users to Run Privileged Tasks...
[   42.973197] cloud-init[932]: |         =*=+o+  |
[   43.105458] cloud-init[932]: +----[SHA256]-----+
         Starting Login to default iSCSI targets...
[   43.109275] cloud-init[1090]: Generating locales (this might take a while)...
[   43.224380]          cloud-initStarting Auto import assertions from block devices...[1090]: 
  en_US.UTF-8... done
[   43.308474] [cloud-init[0;32m  OK  [0m[1090]: ] Generation complete.Started Pollinate to seed the pseudo random number generator.

[[0;32m  OK  [0m] Started LSB: MD monitoring daemon.
[[0;32m  OK  [0m] Started Auto import assertions from block devices.
[[0;32m  OK  [0m] Started Authenticate and Authorize Users to Run Privileged Tasks.
[[0;32m  OK  [0m] Started Accounts Service.
[[0;32m  OK  [0m] Stopped OpenBSD Secure Shell server.
         Starting OpenBSD Secure Shell server...
[[0;32m  OK  [0m] Started OpenBSD Secure Shell server.
[[0;32m  OK  [0m] Started Login to default iSCSI targets.
[[0;32m  OK  [0m] Reached target Remote File Systems (Pre).
[[0;32m  OK  [0m] Reached target Remote File Systems.
         Starting LSB: daemon to balance interrupts for SMP systems...
         Starting LSB: automatic crash report generation...
         Starting LSB: Set the CPU Frequency Scaling governor to "ondemand"...
[   43.972573] cloud-init[1090]: Cloud-init v. 0.7.9 running 'modules:config' at Fri, 27 Oct 2017 20:36:16 +0000. Up 42.30 seconds.
         Starting LSB: VirtualBox Linux Additions...
         Starting Permit User Sessions...
[[0;32m  OK  [0m] Started Apply the settings specified in cloud-config.
[[0;32m  OK  [0m] Started Permit User Sessions.
[[0;32m  OK  [0m] Started LSB: Set the CPU Frequency Scaling governor to "ondemand".
[[0;32m  OK  [0m] Started LSB: daemon to balance interrupts for SMP systems.
[[0;32m  OK  [0m] Started LSB: automatic crash report generation.
[[0;32m  OK  [0m] Started LSB: VirtualBox Linux Additions.
         Starting Hold until boot process finishes up...
         Starting Terminate Plymouth Boot Screen...
[[0;32m  OK  [0m] Started Hold until boot process finishes up.
[[0;32m  OK  [0m] Started Terminate Plymouth Boot Screen.
[[0;32m  OK  [0m] Started Serial Getty on ttyS0.
[[0;32m  OK  [0m] Started Getty on tty1.
[[0;32m  OK  [0m] Reached target Login Prompts.
[[0;32m  OK  [0m] Reached target Multi-User System.
         Starting Execute cloud user/final scripts...
[[0;32m  OK  [0m] Reached target Graphical Interface.
         Starting Update UTMP about System Runlevel Changes...
         Starting Set console scheme...
[[0;32m  OK  [0m] Started Update UTMP about System Runlevel Changes.
[[0;32m  OK  [0m] Started Set console scheme.
[[0;32m  OK  [0m] Created slice User Slice of ubuntu.
         Starting User Manager for UID 1000...
[[0;32m  OK  [0m] Started User Manager for UID 1000.
[[0;32m  OK  [0m] Started Session 1 of user ubuntu.
ci-info: no authorized ssh keys fingerprints found for user ubuntu.
<14>Oct 27 20:36:19 ec2: 
<14>Oct 27 20:36:19 ec2: #############################################################
<14>Oct 27 20:36:19 ec2: -----BEGIN SSH HOST KEY FINGERPRINTS-----
<14>Oct 27 20:36:19 ec2: 1024 SHA256:BhOWAiTQyh7JiseOEPip8kx72fgLbEeIEx4g0dodgn0 root@ubuntu-xenial (DSA)
<14>Oct 27 20:36:19 ec2: 256 SHA256:I7SIqaIn2iYuxq8YxLraeY50a+k/Q1PTx857gM6Q/Ps root@ubuntu-xenial (ECDSA)
<14>Oct 27 20:36:19 ec2: 256 SHA256:f311PaE8r4MxurvUEAxhzPn2vn+iBRq8/ikw8ZVhbr8 root@ubuntu-xenial (ED25519)
<14>Oct 27 20:36:19 ec2: 2048 SHA256:Xt6g/tRSxWk+vuiaI2E1/kQf3n22IX1lpOCzutrNyo4 root@ubuntu-xenial (RSA)
<14>Oct 27 20:36:19 ec2: -----END SSH HOST KEY FINGERPRINTS-----
<14>Oct 27 20:36:19 ec2: #############################################################
-----BEGIN SSH HOST KEY KEYS-----
ecdsa-sha2-nistp256 AAAAE2VjZHNhLXNoYTItbmlzdHAyNTYAAAAIbmlzdHAyNTYAAABBBPUVzsgvvsUxVlIWsqB8hWLxSmFwwqtvVU7XSonG9y68wZk9M0cx1AorRo9Fh/RcteI59cNkpfWX2dcVEE57LnA= root@ubuntu-xenial
ssh-ed25519 AAAAC3NzaC1lZDI1NTE5AAAAILUUAq2VCZJpPLGWGKH/D9pmbzANYKnH20JF8HUb0mtR root@ubuntu-xenial
ssh-rsa AAAAB3NzaC1yc2EAAAADAQABAAABAQCyZVY5Kuxcw+FXhA3Qhr1ExAL5Ihs32zt+NsQSa7AHSotiR2WDjkfzibB2gMWaTwsyHJAVXEMdBV+ZsDN33zxcgk0mypFoK4IQD3/rIWqjcuf7i5Qd3D9d17r4F+VlH+HWwLve28MoNAJRESJ/thfxFd31Cn3DDL8cc9RlkzLLhx9L4alHrD7yiJaehCEG0NOfM6u0jd7BGy7x3sn2au+lJary9qnbbIhP6zGP5XOTwiulkNiE5bNLLknIFTjYvFnp4bRIQrr7QoYqPS9qbyrKcwHp5zQjAW7zDDu1snitCzykNzIncjJZa0o81evG3QCVnSaK0+OMGQdqtjJEEczv root@ubuntu-xenial
-----END SSH HOST KEY KEYS-----
[   45.028852] cloud-init[1288]: Cloud-init v. 0.7.9 running 'modules:final' at Fri, 27 Oct 2017 20:36:19 +0000. Up 44.81 seconds.
[   45.100341] [cloud-init[0;32m  OK  [0m[1288]: ] ci-info: no authorized ssh keys fingerprints found for user ubuntu.Started Execute cloud user/final scripts.

[   45.100569] cloud-init[1288]: Cloud-init v. 0.7.9 finished at Fri, 27 Oct 2017 20:36:19 +0000. Datasource DataSourceNoCloud [seed=/dev/sdb][dsmode=net].  Up 45.02 seconds
[[0;32m  OK  [0m] Reached target Cloud-init target.

Ubuntu 16.04.3 LTS ubuntu-xenial ttyS0

ubuntu-xenial login: 